2026-06-07 23:35:54,550 INFO Proyecto Swag Labs - Inicia prueba de test_login_valido
2026-06-07 23:35:54,550 INFO Proyecto Swag Labs - Se envia solicitud a la Api
2026-06-07 23:35:55,480 INFO Proyecto Swag Labs - Se valida respuesta exitosa: status_code == 200
2026-06-07 23:35:55,481 INFO Proyecto Swag Labs - LOGIN valido completado en 0.928s

2026-06-07 23:35:55,484 INFO Proyecto Swag Labs - Inicia prueba de test_login_sin_password
2026-06-07 23:35:55,484 INFO Proyecto Swag Labs - Se preparan datos de entrada
2026-06-07 23:35:56,335 INFO Proyecto Swag Labs - Se valida respuesta exitosa: status_code == 400
2026-06-07 23:35:56,363 INFO Proyecto Swag Labs - LOGIN sin password completado en 0.850s

2026-06-07 23:35:56,366 INFO Proyecto Swag Labs - Inicia prueba del POST test_create_user
2026-06-07 23:35:56,367 INFO Proyecto Swag Labs - Se preparan los datos de entrada
2026-06-07 23:35:56,367 INFO Proyecto Swag Labs - Se envia solicitud a la Api
2026-06-07 23:35:57,233 INFO Proyecto Swag Labs - Se valida respuesta exitosa: status_code == 201
2026-06-07 23:35:57,233 INFO Proyecto Swag Labs - Se validan campos creados
2026-06-07 23:35:57,233 INFO Proyecto Swag Labs - POST completado en 0.866s

2026-06-07 23:35:57,236 INFO Proyecto Swag Labs - Inicia prueba del GET test_get_user
2026-06-07 23:35:57,237 INFO Proyecto Swag Labs - Se envia solicitud a la Api
2026-06-07 23:35:58,070 INFO Proyecto Swag Labs - Se valida respuesta exitosa
2026-06-07 23:35:58,070 INFO Proyecto Swag Labs - Se valida que al menos haya un usuario
2026-06-07 23:35:58,070 INFO Proyecto Swag Labs - Usuarios encontrados: 5 
2026-06-07 23:35:58,070 INFO Proyecto Swag Labs - Se valida performance: tiempo de prueba < 1 segundo
2026-06-07 23:35:58,070 INFO Proyecto Swag Labs - Validacion exitosa.
2026-06-07 23:35:58,070 INFO Proyecto Swag Labs - GET completado en 0.832s

2026-06-07 23:35:58,074 INFO Proyecto Swag Labs - Inicia prueba del PUT test_update_user
2026-06-07 23:35:58,074 INFO Proyecto Swag Labs - Se preparan los datos
2026-06-07 23:35:58,074 INFO Proyecto Swag Labs - Se envia solicitud a la Api
2026-06-07 23:35:58,776 INFO Proyecto Swag Labs - Se valida respuesta exitosa: status_code == 200
2026-06-07 23:35:58,776 INFO Proyecto Swag Labs - Se validan campos actualizados
2026-06-07 23:35:58,776 INFO Proyecto Swag Labs - Se verifica performance
2026-06-07 23:35:58,776 INFO Proyecto Swag Labs - Put completado en 0.700 s.

2026-06-07 23:35:59,485 INFO Proyecto Swag Labs - Inicia prueba del PATCH test_update_created_post
2026-06-07 23:35:59,485 INFO Proyecto Swag Labs - Se preparan los datos
2026-06-07 23:35:59,486 INFO Proyecto Swag Labs - Se envia solicitud patch a la Api
2026-06-07 23:36:00,215 INFO Proyecto Swag Labs - Se valida respuesta exitosa: status_code == 200
2026-06-07 23:36:00,215 INFO Proyecto Swag Labs - Se valida que solo title se haya actualizado
2026-06-07 23:36:00,215 INFO Proyecto Swag Labs - Se verifica performance
2026-06-07 23:36:00,215 INFO Proyecto Swag Labs - Patch completado - solo title actualizado. Tiempo alcanzado: 0.729 s.

2026-06-07 23:36:00,219 INFO Proyecto Swag Labs - Inicia prueba del DELETE test_delete_created_post
2026-06-07 23:36:00,873 INFO Proyecto Swag Labs - Se valida respuesta exitosa: status_code == 200
2026-06-07 23:36:00,873 INFO Proyecto Swag Labs - Se valida recurso eliminado
2026-06-07 23:36:00,873 INFO Proyecto Swag Labs - Delete completado - Recurso eliminado - Tiempo alcanzado: 0.653 s.

